<?xml version="1.0" encoding="UTF-8"?>
<!-- Generated by org.testng.reporters.JUnitReportReporter -->
<testsuite skipped="0" hostname="INDIA-PraveenSN" name="testcase.TC_001FlipKart" tests="1" failures="0" timestamp="2020-01-10T16:07:14 IST" time="38.768" errors="0">
  <testcase name="searchResult" time="38.768" classname="testcase.TC_001FlipKart"/>
</testsuite> <!-- testcase.TC_001FlipKart -->
